Log file open, 01/19/18 23:07:52
LogWindows: Failed to load 'aqProf.dll' (GetLastError=126)
LogWindows: File 'aqProf.dll' does not exist
LogWindows: Failed to load 'VSPerf140.dll' (GetLastError=126)
LogWindows: File 'VSPerf140.dll' does not exist
LogWindows: Failed to load 'VtuneApi.dll' (GetLastError=126)
LogWindows: File 'VtuneApi.dll' does not exist
LogWindows: Failed to load 'VtuneApi32e.dll' (GetLastError=126)
LogWindows: File 'VtuneApi32e.dll' does not exist
LogInit: Display: Running engine for game: SystemContest
LogInit: Display: Project file not found: ../../../SystemContest/SystemContest.uproject
LogInit: Display: 	Attempting to find via project info helper.
LogUProjectInfo: Found projects:
LogPlatformFile: Not using cached read wrapper
LogInit: Display: RandInit(1127880951) SRandInit(1127880951).
LogTaskGraph: Started task graph with 5 named threads and 14 total threads with 3 sets of task threads.
LogStats: Stats thread started at 0.167550
LogD3D11RHI: Aftermath initialized
LogPluginManager: Mounting plugin Paper2D
LogPluginManager: Mounting plugin LightPropagationVolume
LogPluginManager: Mounting plugin FacialAnimation
LogPluginManager: Mounting plugin CharacterAI
LogPluginManager: Mounting plugin HTML5Networking
LogPluginManager: Mounting plugin AvfMedia
LogPluginManager: Mounting plugin ImgMedia
LogPluginManager: Mounting plugin MediaCompositing
LogPluginManager: Mounting plugin WmfMedia
LogPluginManager: Mounting plugin TcpMessaging
LogPluginManager: Mounting plugin UdpMessaging
LogPluginManager: Mounting plugin ActorSequence
LogPluginManager: Mounting plugin OnlineSubsystem
LogPluginManager: Mounting plugin OnlineSubsystemNull
LogPluginManager: Mounting plugin OnlineSubsystemUtils
LogPluginManager: Mounting plugin AndroidPermission
LogPluginManager: Mounting plugin AppleARKit
LogPluginManager: Mounting plugin ArchVisCharacter
LogPluginManager: Mounting plugin CableComponent
LogPluginManager: Mounting plugin CustomMeshComponent
LogPluginManager: Mounting plugin ExampleDeviceProfileSelector
LogPluginManager: Mounting plugin ImmediatePhysics
LogPluginManager: Mounting plugin LocationServicesBPLibrary
LogPluginManager: Mounting plugin MobilePatchingUtils
LogPluginManager: Mounting plugin OculusVR
LogPluginManager: Mounting plugin PhysXVehicles
LogPluginManager: Mounting plugin ProceduralMeshComponent
LogPluginManager: Mounting plugin RuntimePhysXCooking
LogPluginManager: Mounting plugin SteamVR
LogPluginManager: Mounting plugin WindowsMoviePlayer
LogInit: Using libcurl 7.47.1
LogInit:  - built for x86_64-pc-win32
LogInit:  - supports SSL with OpenSSL/1.0.2g
LogInit:  - supports HTTP deflate (compression) using libz 1.2.8
LogInit:  - other features:
LogInit:      CURL_VERSION_SSL
LogInit:      CURL_VERSION_LIBZ
LogInit:      CURL_VERSION_IPV6
LogInit:      CURL_VERSION_ASYNCHDNS
LogInit:      CURL_VERSION_LARGEFILE
LogInit:      CURL_VERSION_IDN
LogInit:  CurlRequestOptions (configurable via config and command line):
LogInit:  - bVerifyPeer = false  - Libcurl will NOT verify peer certificate
LogInit:  - bUseHttpProxy = false  - Libcurl will NOT use HTTP proxy
LogInit:  - bDontReuseConnections = false  - Libcurl will reuse connections
LogInit:  - CertBundlePath = nullptr  - Libcurl will use whatever was configured at build time.
LogInit: Build: ++UE4+Release-4.18-CL-3794801
LogInit: Engine Version: 4.18.2-3794801+++UE4+Release-4.18
LogInit: Compatible Engine Version: 4.18.0-3709383+++UE4+Release-4.18
LogInit: Net CL: 3709383
LogDevObjectVersion: Number of dev versions registered: 16
LogDevObjectVersion:   Dev-Blueprints (B0D832E4-1F89-4F0D-ACCF-7EB736FD4AA2): 10
LogDevObjectVersion:   Dev-Build (E1C64328-A22C-4D53-A36C-8E866417BD8C): 0
LogDevObjectVersion:   Dev-Core (375EC13C-06E4-48FB-B500-84F0262A717E): 2
LogDevObjectVersion:   Dev-Editor (E4B068ED-F494-42E9-A231-DA0B2E46BB41): 20
LogDevObjectVersion:   Dev-Framework (CFFC743F-43B0-4480-9391-14DF171D2073): 30
LogDevObjectVersion:   Dev-Mobile (B02B49B5-BB20-44E9-A304-32B752E40360): 0
LogDevObjectVersion:   Dev-Networking (A4E4105C-59A1-49B5-A7C5-40C4547EDFEE): 0
LogDevObjectVersion:   Dev-Online (39C831C9-5AE6-47DC-9A44-9C173E1C8E7C): 0
LogDevObjectVersion:   Dev-Physics (78F01B33-EBEA-4F98-B9B4-84EACCB95AA2): 0
LogDevObjectVersion:   Dev-Platform (6631380F-2D4D-43E0-8009-CF276956A95A): 0
LogDevObjectVersion:   Dev-Rendering (12F88B9F-8875-4AFC-A67C-D90C383ABD29): 20
LogDevObjectVersion:   Dev-Sequencer (7B5AE74C-D270-4C10-A958-57980B212A5A): 4
LogDevObjectVersion:   Dev-VR (D7296918-1DD6-4BDD-9DE2-64A83CC13884): 0
LogDevObjectVersion:   Dev-LoadTimes (C2A15278-BFE7-4AFE-6C17-90FF531DF755): 1
LogDevObjectVersion:   Private-Geometry (6EACA3D4-40EC-4CC1-B786-8BED09428FC5): 1
LogDevObjectVersion:   Dev-AnimPhys (29E575DD-E0A3-4627-9D10-D276232CDCEA): 12
LogInit: Compiled (64-bit): Dec  8 2017 02:07:47
LogInit: Compiled with Visual C++: 19.00.24215.01
LogInit: Build Configuration: Development
LogInit: Branch Name: ++UE4+Release-4.18
LogInit: Command line:  
LogInit: Base directory: C:/Users/tycon/Documents/Unreal/System Contest/SystemContest/Builds/WindowsNoEditor/Engine/Binaries/Win64/
LogInit: Installed Engine Build: 0
LogInit: Presizing for max 2097152 objects, including 0 objects not considered by GC, pre-allocating 0 bytes for permanent pool.
LogStreaming: Display: Async Loading initialized: Event Driven Loader: true, Async Loading Thread: false
LogInit: Object subsystem initialized
[2018.01.20-07.07.53:026][  0]LogInit: Selected Device Profile: [WindowsNoEditor]
[2018.01.20-07.07.53:026][  0]LogInit: Applying CVar settings loaded from the selected device profile: [WindowsNoEditor]
[2018.01.20-07.07.53:041][  0]LogInit: Computer: DESKTOP-OK7BP75
[2018.01.20-07.07.53:041][  0]LogInit: User: tycon
[2018.01.20-07.07.53:041][  0]LogInit: CPU Page size=4096, Cores=4
[2018.01.20-07.07.53:042][  0]LogInit: High frequency timer resolution =3.411555 MHz
[2018.01.20-07.07.53:042][  0]LogMemory: Memory total: Physical=16.0GB (16GB approx)
[2018.01.20-07.07.53:042][  0]LogMemory: Platform Memory Stats for WindowsNoEditor
[2018.01.20-07.07.53:042][  0]LogMemory: Process Physical Memory: 94.36 MB used, 94.36 MB peak
[2018.01.20-07.07.53:042][  0]LogMemory: Process Virtual Memory: 106.13 MB used, 106.13 MB peak
[2018.01.20-07.07.53:042][  0]LogMemory: Physical Memory: 7181.54 MB used,  9155.45 MB free, 16336.99 MB total
[2018.01.20-07.07.53:042][  0]LogMemory: Virtual Memory: 346.63 MB used,  9155.45 MB free, 134217728.00 MB total
[2018.01.20-07.07.53:262][  0]LogInit: Using OS detected language (en-US).
[2018.01.20-07.07.53:262][  0]LogInit: Using OS detected locale (en-US).
[2018.01.20-07.07.53:263][  0]LogTextLocalizationManager: No specific localization for 'en-US' exists, so the 'en' localization will be used.
[2018.01.20-07.07.53:318][  0]LogD3D11RHI: D3D11 adapters:
[2018.01.20-07.07.53:336][  0]LogD3D11RHI:    0. 'AMD Radeon R9 200 Series' (Feature Level 11_0)
[2018.01.20-07.07.53:336][  0]LogD3D11RHI:       4076/0/8168 MB DedicatedVideo/DedicatedSystem/SharedSystem, Outputs:1, VendorId:0x1002
[2018.01.20-07.07.53:338][  0]LogD3D11RHI:    1. 'Microsoft Basic Render Driver' (Feature Level 11_0)
[2018.01.20-07.07.53:338][  0]LogD3D11RHI:       0/0/8168 MB DedicatedVideo/DedicatedSystem/SharedSystem, Outputs:0, VendorId:0x1414
[2018.01.20-07.07.53:338][  0]LogD3D11RHI: Chosen D3D11 Adapter: 0
[2018.01.20-07.07.53:368][  0]LogD3D11RHI: Creating new Direct3DDevice
[2018.01.20-07.07.53:368][  0]LogD3D11RHI:     GPU DeviceId: 0x6810 (for the marketing name, search the web for "GPU Device Id")
[2018.01.20-07.07.53:368][  0]LogWindows: EnumDisplayDevices:
[2018.01.20-07.07.53:368][  0]LogWindows:    0. 'AMD Radeon R9 200 Series' (P:1 D:1)
[2018.01.20-07.07.53:368][  0]LogWindows:    1. 'AMD Radeon R9 200 Series' (P:0 D:0)
[2018.01.20-07.07.53:368][  0]LogWindows:    2. 'AMD Radeon R9 200 Series' (P:0 D:0)
[2018.01.20-07.07.53:369][  0]LogWindows:    3. 'AMD Radeon R9 200 Series' (P:0 D:0)
[2018.01.20-07.07.53:369][  0]LogWindows:    4. 'AMD Radeon R9 200 Series' (P:0 D:0)
[2018.01.20-07.07.53:369][  0]LogWindows:    5. 'AMD Radeon R9 200 Series' (P:0 D:0)
[2018.01.20-07.07.53:369][  0]LogWindows:    6. 'AMD Radeon R9 200 Series' (P:0 D:0)
[2018.01.20-07.07.53:369][  0]LogWindows:    7. 'AMD Radeon R9 200 Series' (P:0 D:0)
[2018.01.20-07.07.53:369][  0]LogWindows:    8. 'AMD Radeon R9 200 Series' (P:0 D:0)
[2018.01.20-07.07.53:370][  0]LogWindows:    9. 'AMD Radeon R9 200 Series' (P:0 D:0)
[2018.01.20-07.07.53:370][  0]LogWindows:    10. 'AMD Radeon R9 200 Series' (P:0 D:0)
[2018.01.20-07.07.53:370][  0]LogWindows:    11. 'AMD Radeon R9 200 Series' (P:0 D:0)
[2018.01.20-07.07.53:370][  0]LogWindows:    12. 'AMD Radeon R9 200 Series' (P:0 D:0)
[2018.01.20-07.07.53:370][  0]LogWindows:    13. 'AMD Radeon R9 200 Series' (P:0 D:0)
[2018.01.20-07.07.53:370][  0]LogWindows:    14. 'AMD Radeon R9 200 Series' (P:0 D:0)
[2018.01.20-07.07.53:371][  0]LogWindows:    15. 'AMD Radeon R9 200 Series' (P:0 D:0)
[2018.01.20-07.07.53:371][  0]LogWindows: DebugString: GetVideoDriverDetailsInvalid PrimaryIsNotTheChoosenAdapter GetVideoDriverDetailsInvalid PrimaryIsNotTheChoosenAdapter GetVideoDriverDetailsInvalid PrimaryIsNotTheChoosenAdapter GetVideoDriverDetailsInvalid PrimaryIsNotTheChoosenAdapter GetVideoDriverDetailsInvalid PrimaryIsNotTheChoosenAdapter GetVideoDriverDetailsInvalid PrimaryIsNotTheChoosenAdapter GetVideoDriverDetailsInvalid PrimaryIsNotTheChoosenAdapter GetVideoDriverDetailsInvalid PrimaryIsNotTheChoosenAdapter GetVideoDriverDetailsInvalid PrimaryIsNotTheChoosenAdapter GetVideoDriverDetailsInvalid PrimaryIsNotTheChoosenAdapter GetVideoDriverDetailsInvalid PrimaryIsNotTheChoosenAdapter GetVideoDriverDetailsInvalid PrimaryIsNotTheChoosenAdapter GetVideoDriverDetailsInvalid PrimaryIsNotTheChoosenAdapter GetVideoDriverDetailsInvalid PrimaryIsNotTheChoosenAdapter GetVideoDriverDetailsInvalid PrimaryIsNotTheChoosenAdapter GetVideoDriverDetailsInvalid PrimaryIsNotTheChoosenAdapter FoundDriverCount:0 
[2018.01.20-07.07.53:371][  0]LogD3D11RHI:     Adapter Name: AMD Radeon R9 200 Series
[2018.01.20-07.07.53:371][  0]LogD3D11RHI:   Driver Version: Unknown (internal:Unknown, unified:Unknown)
[2018.01.20-07.07.53:371][  0]LogD3D11RHI:      Driver Date: Unknown
[2018.01.20-07.07.53:371][  0]LogRHI: Texture pool is 2853 MB (70% of 4076 MB)
[2018.01.20-07.07.53:407][  0]LogD3D11RHI: Async texture creation enabled
[2018.01.20-07.07.53:420][  0]LogD3D11RHI: GPU Timing Frequency: 27.000000 (Debug: 2 1)
[2018.01.20-07.07.53:429][  0]LogMaterial: Verifying Global Shaders for PCD3D_SM5
[2018.01.20-07.07.53:430][  0]LogSlate: Using Freetype 2.6.0
[2018.01.20-07.07.53:430][  0]LogSlate: SlateFontCache - WITH_FREETYPE: 1, WITH_HARFBUZZ: 1
[2018.01.20-07.07.53:430][  0]LogSlate: SlateFontCache - WITH_FREETYPE: 1, WITH_HARFBUZZ: 1
[2018.01.20-07.07.53:474][  0]LogAssetRegistry: FAssetRegistry took 0.0107 seconds to start up
[2018.01.20-07.07.53:586][  0]LogPackageLocalizationCache: Processed 7 localized package path(s) for 2 prioritized culture(s) in 0.007001 seconds
[2018.01.20-07.07.53:586][  0]LogPakFile: New pak file ../../../SystemContest/Content/Paks/SystemContest-WindowsNoEditor.pak added to pak precacher.
[2018.01.20-07.07.53:615][  0]LogInit: Selected Device Profile: [WindowsNoEditor]
[2018.01.20-07.07.53:729][  0]LogNetVersion: SystemContest , NetCL: 3709383, EngineNetVer: 2, GameNetVer: 0 (Checksum: 3380199648)
[2018.01.20-07.07.53:928][  0]LogInit: WinSock: version 1.1 (2.2), MaxSocks=32767, MaxUdp=65467
[2018.01.20-07.07.54:045][  0]LogMoviePlayer: Initializing movie player
[2018.01.20-07.07.54:122][  0]LogAndroidPermission: UAndroidPermissionCallbackProxy::GetInstance
[2018.01.20-07.07.54:122][  0]LogOcInput: OculusInput pre-init called
[2018.01.20-07.07.54:127][  0]LogUObjectArray: 31015 objects as part of root set at end of initial load.
[2018.01.20-07.07.54:127][  0]LogUObjectAllocator: 5802384 out of 0 bytes used by permanent object pool.
[2018.01.20-07.07.54:127][  0]LogUObjectArray: CloseDisregardForGC: 0/0 objects in disregard for GC pool
[2018.01.20-07.07.54:138][  0]LogEngine: Initializing Engine...
[2018.01.20-07.07.54:143][  0]LogHMD: Failed to initialize OpenVR with code 110
[2018.01.20-07.07.54:407][  0]LogStats: UGameplayTagsManager::ConstructGameplayTagTree: Construct from data asset -  0.000 s
[2018.01.20-07.07.54:407][  0]LogStats: UGameplayTagsManager::ConstructGameplayTagTree: GameplayTagTreeChangedEvent.Broadcast -  0.000 s
[2018.01.20-07.07.54:488][  0]LogInit: XAudio2 using '6 - LC-32GL12F (AMD High Definition Audio Device)' : 2 channels at 48 kHz using 16 bits per sample (channel mask 0x3)
[2018.01.20-07.07.54:502][  0]LogInit: FAudioDevice initialized.
[2018.01.20-07.07.54:513][  0]LogInit: Texture streaming: Enabled
[2018.01.20-07.07.54:519][  0]LogInit: Display: Game Engine Initialized.
[2018.01.20-07.07.54:519][  0]LogGameplayTags: Display: UGameplayTagsManager::DoneAddingNativeTags. DelegateIsBound: 0
[2018.01.20-07.07.54:528][  0]LogInit: Display: Starting Game.
[2018.01.20-07.07.54:528][  0]LogNet: Browse: /Game/Levels/MainMenu?Name=Player
[2018.01.20-07.07.54:528][  0]LogLoad: LoadMap: /Game/Levels/MainMenu?Name=Player
[2018.01.20-07.07.54:761][  0]LogAIModule: Creating AISystem for world MainMenu
[2018.01.20-07.07.54:762][  0]LogLoad: Game class is 'MainMenuGM_C'
[2018.01.20-07.07.54:766][  0]LogWorld: Bringing World /Game/Levels/MainMenu.MainMenu up for play (max tick rate 0) at 2018.01.19-23.07.54
[2018.01.20-07.07.54:767][  0]LogWorld: Bringing up level for play took: 0.003685
[2018.01.20-07.07.54:768][  0]LogGameMode: FindPlayerStart: PATHS NOT DEFINED or NO PLAYERSTART with positive rating
[2018.01.20-07.07.54:769][  0]LogSpawn: Warning: SpawnActor failed because no class was specified
[2018.01.20-07.07.54:769][  0]LogBlueprintUserMessages: [MainMenuGM_C_0] Hello
[2018.01.20-07.07.54:771][  0]LogBlueprintUserMessages: [MainMenuGM_C_0] BP_FakeSP_C_0
[2018.01.20-07.07.54:771][  0]LogUMG: Display: Widget Class MainMenu_C - Loaded Fast Template.
[2018.01.20-07.07.54:773][  0]LogBlueprintUserMessages: [MainMenu_C_0] 1
[2018.01.20-07.07.54:773][  0]LogLoad: Took 0.245118 seconds to LoadMap(/Game/Levels/MainMenu)
[2018.01.20-07.07.54:775][  0]LogSlate: Took 0.000211 seconds to synchronously load lazily loaded font '../../../Engine/Content/EngineFonts/Faces/RobotoBold.ufont' (160K)
[2018.01.20-07.07.54:886][  0]LogSlate: Took 0.000311 seconds to synchronously load lazily loaded font '../../../Engine/Content/EngineFonts/Faces/RobotoRegular.ufont' (155K)
[2018.01.20-07.07.54:898][  0]LogLoad: (Engine Initialization) Total time: 2.33 seconds
[2018.01.20-07.07.54:898][  0]LogExternalProfiler: No external profilers were discovered.  External profiling features will not be available.
[2018.01.20-07.07.54:936][  0]LogRenderer: Reallocating scene render targets to support 1920x1080 Format 10 NumSamples 1 (Frame:1).
[2018.01.20-07.07.55:012][  0]LogContentStreaming: Texture pool size now 1000 MB
[2018.01.20-07.08.01:783][408]LogBlueprintUserMessages: [MainMenu_C_1] 1
[2018.01.20-07.08.01:783][408]PIE: Warning: This widget does not support focus.  If this is a UserWidget, you should set bIsFocusable to true.
[2018.01.20-07.08.02:637][461]LogBlueprintUserMessages: [MenuCam_502] Cube1
[2018.01.20-07.08.04:993][607]LogBlueprintUserMessages: [MainMenu_C_2] 1
[2018.01.20-07.08.04:993][607]PIE: Warning: This widget does not support focus.  If this is a UserWidget, you should set bIsFocusable to true.
[2018.01.20-07.08.05:605][645]LogBlueprintUserMessages: [MenuCam_502] Cube1
[2018.01.20-07.08.10:170][928]LogBlueprintUserMessages: [MainMenuGM_C_0] BP_SpaceShip_C_0
[2018.01.20-07.08.10:171][928]LogBlueprintUserMessages: [MainMenu_C_2] 3
[2018.01.20-07.08.12:848][ 94]LogBlueprintUserMessages: [MainMenu_C_3] 3
[2018.01.20-07.08.12:848][ 94]PIE: Warning: This widget does not support focus.  If this is a UserWidget, you should set bIsFocusable to true.
[2018.01.20-07.08.13:525][136]LogBlueprintUserMessages: [MenuCam_502] Attachment01
[2018.01.20-07.08.15:073][232]LogBlueprintUserMessages: [MainMenu_C_3] Now We would open the attachment menu
[2018.01.20-07.08.18:703][457]LogBlueprintUserMessages: [MainMenu_C_4] 3
[2018.01.20-07.08.18:703][457]PIE: Warning: This widget does not support focus.  If this is a UserWidget, you should set bIsFocusable to true.
[2018.01.20-07.08.19:348][497]LogBlueprintUserMessages: [MenuCam_502] Attachment02
[2018.01.20-07.08.27:574][  7]LogBlueprintUserMessages: [MainMenu_C_5] 3
[2018.01.20-07.08.27:574][  7]PIE: Warning: This widget does not support focus.  If this is a UserWidget, you should set bIsFocusable to true.
[2018.01.20-07.08.28:719][ 78]Set new viewmode: Wireframe
[2018.01.20-07.08.28:719][ 78]Debug viewmodes not allowed on consoles by default.  See AllowDebugViewmodes().
[2018.01.20-07.08.35:945][526]LogBlueprintUserMessages: [MenuCam_502] Attachment03
[2018.01.20-07.08.37:622][630]LogSlate: Request Window 'SystemContest (64-bit, PCD3D_SM5)' being destroyed
[2018.01.20-07.08.37:645][630]LogSlate: Window 'SystemContest (64-bit, PCD3D_SM5)' being destroyed
[2018.01.20-07.08.37:646][630]LogWindowsTextInputMethodSystem: Display: IME system now deactivated.
[2018.01.20-07.08.37:647][630]LogEngine: All Windows Closed
[2018.01.20-07.08.37:647][630]LogWindows: FPlatformMisc::RequestExit(0)
[2018.01.20-07.08.38:186][631]LogExit: Preparing to exit.
[2018.01.20-07.08.38:187][631]LogMoviePlayer: Shutting down movie player
[2018.01.20-07.08.38:196][631]LogExit: Game engine shut down
[2018.01.20-07.08.38:227][631]LogExit: Object subsystem successfully closed.
[2018.01.20-07.08.38:257][631]LogD3D11RHI: Shutdown
[2018.01.20-07.08.38:257][631]LogD3D11RHI: CleanupD3DDevice
[2018.01.20-07.08.38:283][631]LogD3D11RHI: ~FD3D11DynamicRHI
[2018.01.20-07.08.38:283][631]LogModuleManager: Shutting down and abandoning module AutomationController (168)
[2018.01.20-07.08.38:283][631]LogModuleManager: Shutting down and abandoning module AutomationWorker (166)
[2018.01.20-07.08.38:284][631]LogModuleManager: Shutting down and abandoning module AIModule (164)
[2018.01.20-07.08.38:284][631]LogModuleManager: Shutting down and abandoning module GameplayDebugger (163)
[2018.01.20-07.08.38:284][631]LogModuleManager: Shutting down and abandoning module WmfMediaFactory (160)
[2018.01.20-07.08.38:284][631]LogModuleManager: Shutting down and abandoning module OpenExrWrapper (158)
[2018.01.20-07.08.38:284][631]LogModuleManager: Shutting down and abandoning module ImgMediaFactory (156)
[2018.01.20-07.08.38:284][631]LogModuleManager: Shutting down and abandoning module AvfMediaFactory (154)
[2018.01.20-07.08.38:284][631]LogModuleManager: Shutting down and abandoning module CharacterAI (152)
[2018.01.20-07.08.38:284][631]LogModuleManager: Shutting down and abandoning module SessionServices (150)
[2018.01.20-07.08.38:284][631]LogModuleManager: Shutting down and abandoning module MovieSceneTracks (148)
[2018.01.20-07.08.38:284][631]LogModuleManager: Shutting down and abandoning module MovieScene (146)
[2018.01.20-07.08.38:284][631]LogModuleManager: Shutting down and abandoning module GeometryCache (144)
[2018.01.20-07.08.38:284][631]LogModuleManager: Shutting down and abandoning module StreamingPauseRendering (142)
[2018.01.20-07.08.38:284][631]LogModuleManager: Shutting down and abandoning module AnalyticsET (140)
[2018.01.20-07.08.38:284][631]LogModuleManager: Shutting down and abandoning module ProfilerService (138)
[2018.01.20-07.08.38:420][631]LogModuleManager: Shutting down and abandoning module TaskGraph (136)
[2018.01.20-07.08.38:420][631]LogModuleManager: Shutting down and abandoning module SteamVRController (134)
[2018.01.20-07.08.38:420][631]LogModuleManager: Shutting down and abandoning module ProceduralMeshComponent (132)
[2018.01.20-07.08.38:420][631]LogModuleManager: Shutting down and abandoning module OculusInput (130)
[2018.01.20-07.08.38:420][631]LogModuleManager: Shutting down and abandoning module MobilePatchingUtils (128)
[2018.01.20-07.08.38:420][631]LogModuleManager: Shutting down and abandoning module CustomMeshComponent (126)
[2018.01.20-07.08.38:420][631]LogModuleManager: Shutting down and abandoning module CableComponent (124)
[2018.01.20-07.08.38:420][631]LogModuleManager: Shutting down and abandoning module ArchVisCharacter (122)
[2018.01.20-07.08.38:420][631]LogModuleManager: Shutting down and abandoning module AndroidPermission (120)
[2018.01.20-07.08.38:420][631]LogModuleManager: Shutting down and abandoning module ActorSequence (116)
[2018.01.20-07.08.38:420][631]LogModuleManager: Shutting down and abandoning module MediaCompositing (114)
[2018.01.20-07.08.38:420][631]LogModuleManager: Shutting down and abandoning module HTML5Networking (112)
[2018.01.20-07.08.38:420][631]LogModuleManager: Shutting down and abandoning module RuntimePhysXCooking (110)
[2018.01.20-07.08.38:420][631]LogModuleManager: Shutting down and abandoning module PhysXVehicles (108)
[2018.01.20-07.08.38:420][631]LogModuleManager: Shutting down and abandoning module LocationServicesBPLibrary (106)
[2018.01.20-07.08.38:420][631]LogModuleManager: Shutting down and abandoning module ImmediatePhysics (104)
[2018.01.20-07.08.38:420][631]LogModuleManager: Shutting down and abandoning module UdpMessaging (102)
[2018.01.20-07.08.38:420][631]LogModuleManager: Shutting down and abandoning module TcpMessaging (100)
[2018.01.20-07.08.38:420][631]LogModuleManager: Shutting down and abandoning module FacialAnimation (98)
[2018.01.20-07.08.38:420][631]LogModuleManager: Shutting down and abandoning module LightPropagationVolumeRuntime (96)
[2018.01.20-07.08.38:421][631]LogModuleManager: Shutting down and abandoning module Paper2D (94)
[2018.01.20-07.08.38:421][631]LogModuleManager: Shutting down and abandoning module WindowsMoviePlayer (92)
[2018.01.20-07.08.38:421][631]LogModuleManager: Shutting down and abandoning module WmfMedia (90)
[2018.01.20-07.08.38:436][631]LogModuleManager: Shutting down and abandoning module ImgMedia (88)
[2018.01.20-07.08.38:436][631]LogModuleManager: Shutting down and abandoning module PacketHandler (86)
[2018.01.20-07.08.38:436][631]LogModuleManager: Shutting down and abandoning module ClothingSystemRuntime (84)
[2018.01.20-07.08.38:436][631]LogModuleManager: Shutting down and abandoning module MediaAssets (82)
[2018.01.20-07.08.38:436][631]LogModuleManager: Shutting down and abandoning module Overlay (80)
[2018.01.20-07.08.38:436][631]LogModuleManager: Shutting down and abandoning module UMG (78)
[2018.01.20-07.08.38:437][631]LogModuleManager: Shutting down and abandoning module SlateReflector (76)
[2018.01.20-07.08.38:437][631]LogModuleManager: Shutting down and abandoning module Slate (74)
[2018.01.20-07.08.38:437][631]LogModuleManager: Shutting down and abandoning module MRMesh (72)
[2018.01.20-07.08.38:437][631]LogModuleManager: Shutting down and abandoning module Messaging (70)
[2018.01.20-07.08.38:437][631]LogModuleManager: Shutting down and abandoning module HeadMountedDisplay (68)
[2018.01.20-07.08.38:437][631]LogModuleManager: Shutting down and abandoning module XAudio2 (66)
[2018.01.20-07.08.38:437][631]LogModuleManager: Shutting down and abandoning module Networking (64)
[2018.01.20-07.08.38:437][631]LogModuleManager: Shutting down and abandoning module Core (60)
[2018.01.20-07.08.38:437][631]LogModuleManager: Shutting down and abandoning module LevelSequence (58)
[2018.01.20-07.08.38:437][631]LogModuleManager: Shutting down and abandoning module Media (56)
[2018.01.20-07.08.38:445][631]LogModuleManager: Shutting down and abandoning module ImageWrapper (52)
[2018.01.20-07.08.38:445][631]LogModuleManager: Shutting down and abandoning module InputCore (50)
[2018.01.20-07.08.38:445][631]LogModuleManager: Shutting down and abandoning module PhysXCooking (48)
[2018.01.20-07.08.38:445][631]LogModuleManager: Shutting down and abandoning module SteamVR (46)
[2018.01.20-07.08.38:445][631]LogModuleManager: Shutting down and abandoning module OculusHMD (44)
[2018.01.20-07.08.38:445][631]LogModuleManager: Shutting down and abandoning module ExampleDeviceProfileSelector (42)
[2018.01.20-07.08.38:445][631]LogModuleManager: Shutting down and abandoning module AppleARKit (40)
[2018.01.20-07.08.38:445][631]LogModuleManager: Shutting down and abandoning module AugmentedReality (39)
[2018.01.20-07.08.38:445][631]LogModuleManager: Shutting down and abandoning module OnlineSubsystem (34)
[2018.01.20-07.08.38:445][631]LogModuleManager: Shutting down and abandoning module HTTP (33)
[2018.01.20-07.08.38:445][631]LogHttp: Display: Http module shutting down, but needs to wait on 1 outstanding Http requests:
[2018.01.20-07.08.38:445][631]LogHttp: Display: 	verb=[POST] url=[https://datarouter.ol.epicgames.com/datarouter/api/v1/public/data?SessionID=%7B486A17E1-4482-6A84-658D-67B9FD28C5EF%7D&AppID=UEGame.Rocket.Release%7C1C2034BB4325BE31AA751C965FC75921%7CSystem%20Contest&AppVersion=4.18.2-3794801%2B%2B%2BUE4%2BRelease-4.18&UserID=ANON-%7B4FEAA84A-4B5E-0A19-4EDC-D497ACDAEAD0%7D%7C%7C&AppEnvironment=datacollector-binary&UploadType=eteventstream] status=Processing
[2018.01.20-07.08.38:450][631]LogHttp: Display: Sleeping 0.5s to wait for 1 outstanding Http requests.
[2018.01.20-07.08.38:951][631]LogHttp: Display: Sleeping 0.5s to wait for 1 outstanding Http requests.
[2018.01.20-07.08.39:484][631]LogModuleManager: Shutting down and abandoning module SSL (32)
[2018.01.20-07.08.39:484][631]LogModuleManager: Shutting down and abandoning module ShaderCore (28)
[2018.01.20-07.08.39:484][631]LogModuleManager: Shutting down and abandoning module Landscape (26)
[2018.01.20-07.08.39:484][631]LogModuleManager: Shutting down and abandoning module SlateRHIRenderer (24)
[2018.01.20-07.08.39:485][631]LogModuleManager: Shutting down and abandoning module OpenGLDrv (22)
[2018.01.20-07.08.39:485][631]LogModuleManager: Shutting down and abandoning module D3D11RHI (20)
[2018.01.20-07.08.39:485][631]LogModuleManager: Shutting down and abandoning module AnimGraphRuntime (18)
[2018.01.20-07.08.39:485][631]LogModuleManager: Shutting down and abandoning module Renderer (16)
[2018.01.20-07.08.39:485][631]LogModuleManager: Shutting down and abandoning module Engine (14)
[2018.01.20-07.08.39:485][631]LogModuleManager: Shutting down and abandoning module CoreUObject (12)
[2018.01.20-07.08.39:485][631]LogModuleManager: Shutting down and abandoning module NetworkFile (10)
[2018.01.20-07.08.39:485][631]LogModuleManager: Shutting down and abandoning module CookedIterativeFile (8)
[2018.01.20-07.08.39:485][631]LogModuleManager: Shutting down and abandoning module StreamingFile (6)
[2018.01.20-07.08.39:485][631]LogModuleManager: Shutting down and abandoning module SandboxFile (4)
[2018.01.20-07.08.39:485][631]LogModuleManager: Shutting down and abandoning module PakFile (2)
[2018.01.20-07.08.39:487][631]LogExit: Exiting.
[2018.01.20-07.08.39:489][631]Log file closed, 01/19/18 23:08:39
